2021/01/18 14:45:17.042, Level: 3, The value for variable/object: the inputportAndFile value is  is {0=/Users/bohanxiao/Downloads/DATAVIEW-master/DATAVIEW/out/artifacts/DATAVIEW_Web_exploded/WEB-INF/systemFiles/gk6511@wayne.edu/pro.txt, 1=/Users/bohanxiao/Downloads/DATAVIEW-master/DATAVIEW/out/artifacts/DATAVIEW_Web_exploded/WEB-INF/systemFiles/gk6511@wayne.edu/condition.txt}
2021/01/18 14:45:17.043, Level: 3, The value for variable/object: the outputportAndFile value is  is {0=/Users/bohanxiao/Downloads/DATAVIEW-master/DATAVIEW/out/artifacts/DATAVIEW_Web_exploded/WEB-INF/systemFiles/gk6511@wayne.edu/outputDP0.txtRASelect@4483adf5}
2021/01/18 14:45:17.044, Level: 3, We reached here:  Task RASelector start to run
2021/01/18 14:45:17.053, Level: 1, Exception: Invalid string value: Operator is incorrect
2021/01/18 14:48:15.940, Level: 3, The value for variable/object: the inputportAndFile value is  is {0=/Users/bohanxiao/Downloads/DATAVIEW-master/DATAVIEW/out/artifacts/DATAVIEW_Web_exploded/WEB-INF/systemFiles/gk6511@wayne.edu/pro.txt, 1=/Users/bohanxiao/Downloads/DATAVIEW-master/DATAVIEW/out/artifacts/DATAVIEW_Web_exploded/WEB-INF/systemFiles/gk6511@wayne.edu/condition.txt}
2021/01/18 14:48:15.943, Level: 3, The value for variable/object: the outputportAndFile value is  is {0=/Users/bohanxiao/Downloads/DATAVIEW-master/DATAVIEW/out/artifacts/DATAVIEW_Web_exploded/WEB-INF/systemFiles/gk6511@wayne.edu/outputDP0.txtRASelect@5df53845}
2021/01/18 14:48:15.944, Level: 3, We reached here:  Task RASelector start to run
2021/01/18 14:48:15.953, Level: 3, We reached here:  Task RASelector is finished
2021/01/18 23:49:10.681, Level: 3, The value for variable/object: the inputportAndFile value is  is {0=/Users/bohanxiao/Downloads/DATAVIEW-master/DATAVIEW/out/artifacts/DATAVIEW_Web_exploded/WEB-INF/systemFiles/gk6511@wayne.edu/pro.txt, 1=/Users/bohanxiao/Downloads/DATAVIEW-master/DATAVIEW/out/artifacts/DATAVIEW_Web_exploded/WEB-INF/systemFiles/gk6511@wayne.edu/condition.txt}
2021/01/18 23:49:10.683, Level: 3, The value for variable/object: the outputportAndFile value is  is {0=/Users/bohanxiao/Downloads/DATAVIEW-master/DATAVIEW/out/artifacts/DATAVIEW_Web_exploded/WEB-INF/systemFiles/gk6511@wayne.edu/outputDP0.txtRASelect@4e030d77}
2021/01/18 23:49:10.684, Level: 3, We reached here:  Task RASelector start to run
2021/01/18 23:49:10.695, Level: 3, We reached here:  Task RASelector is finished
2021/01/18 23:49:34.023, Level: 3, The value for variable/object: the inputportAndFile value is  is {0=/Users/bohanxiao/Downloads/DATAVIEW-master/DATAVIEW/out/artifacts/DATAVIEW_Web_exploded/WEB-INF/systemFiles/gk6511@wayne.edu/pro.txt, 1=/Users/bohanxiao/Downloads/DATAVIEW-master/DATAVIEW/out/artifacts/DATAVIEW_Web_exploded/WEB-INF/systemFiles/gk6511@wayne.edu/condition.txt}
2021/01/18 23:49:34.024, Level: 3, The value for variable/object: the outputportAndFile value is  is {0=/Users/bohanxiao/Downloads/DATAVIEW-master/DATAVIEW/out/artifacts/DATAVIEW_Web_exploded/WEB-INF/systemFiles/gk6511@wayne.edu/outputDP0.txtRASelect@e1c0848}
2021/01/18 23:49:34.024, Level: 3, We reached here:  Task RASelector start to run
2021/01/18 23:49:34.026, Level: 3, We reached here:  Task RASelector is finished
2021/01/20 18:15:47.657, Level: 3, The value for variable/object: the inputportAndFile value is  is {0=/Users/bohanxiao/Downloads/DATAVIEW-master/DATAVIEW/out/artifacts/DATAVIEW_Web_exploded/WEB-INF/systemFiles/gk6511@wayne.edu/pro.txt, 1=/Users/bohanxiao/Downloads/DATAVIEW-master/DATAVIEW/out/artifacts/DATAVIEW_Web_exploded/WEB-INF/systemFiles/gk6511@wayne.edu/condition.txt}
2021/01/20 18:15:47.660, Level: 3, The value for variable/object: the outputportAndFile value is  is {0=/Users/bohanxiao/Downloads/DATAVIEW-master/DATAVIEW/out/artifacts/DATAVIEW_Web_exploded/WEB-INF/systemFiles/gk6511@wayne.edu/outputDP0.txtRASelect@58b543ff}
2021/01/20 18:15:47.662, Level: 3, We reached here:  Task RASelector start to run
2021/01/20 18:26:03.356, Level: 3, We reached here:  Task RASelector is finished
2021/01/20 18:27:11.589, Level: 3, The value for variable/object: the inputportAndFile value is  is {0=/Users/bohanxiao/Downloads/DATAVIEW-master/DATAVIEW/out/artifacts/DATAVIEW_Web_exploded/WEB-INF/systemFiles/gk6511@wayne.edu/pro.txt, 1=/Users/bohanxiao/Downloads/DATAVIEW-master/DATAVIEW/out/artifacts/DATAVIEW_Web_exploded/WEB-INF/systemFiles/gk6511@wayne.edu/condition.txt}
2021/01/20 18:27:11.590, Level: 3, The value for variable/object: the outputportAndFile value is  is {0=/Users/bohanxiao/Downloads/DATAVIEW-master/DATAVIEW/out/artifacts/DATAVIEW_Web_exploded/WEB-INF/systemFiles/gk6511@wayne.edu/outputDP0.txtRASelect@50a17cc0}
2021/01/20 18:27:11.591, Level: 3, We reached here:  Task RASelector start to run
2021/01/20 18:27:11.598, Level: 3, We reached here:  Task RASelector is finished
2021/01/20 18:28:20.522, Level: 3, The value for variable/object: the inputportAndFile value is  is {0=/Users/bohanxiao/Downloads/DATAVIEW-master/DATAVIEW/out/artifacts/DATAVIEW_Web_exploded/WEB-INF/systemFiles/gk6511@wayne.edu/pro.txt, 1=/Users/bohanxiao/Downloads/DATAVIEW-master/DATAVIEW/out/artifacts/DATAVIEW_Web_exploded/WEB-INF/systemFiles/gk6511@wayne.edu/condition.txt}
2021/01/20 18:28:20.524, Level: 3, The value for variable/object: the outputportAndFile value is  is {0=/Users/bohanxiao/Downloads/DATAVIEW-master/DATAVIEW/out/artifacts/DATAVIEW_Web_exploded/WEB-INF/systemFiles/gk6511@wayne.edu/outputDP0.txtRASelect@7ccec467}
2021/01/20 18:28:20.525, Level: 3, We reached here:  Task RASelector start to run
2021/01/20 18:30:41.201, Level: 3, We reached here:  Task RASelector is finished
2021/01/20 18:35:31.820, Level: 3, The value for variable/object: the inputportAndFile value is  is {0=/Users/bohanxiao/Downloads/DATAVIEW-master/DATAVIEW/out/artifacts/DATAVIEW_Web_exploded/WEB-INF/systemFiles/gk6511@wayne.edu/pro.txt, 1=/Users/bohanxiao/Downloads/DATAVIEW-master/DATAVIEW/out/artifacts/DATAVIEW_Web_exploded/WEB-INF/systemFiles/gk6511@wayne.edu/condition.txt}
2021/01/20 18:35:31.822, Level: 3, The value for variable/object: the outputportAndFile value is  is {0=/Users/bohanxiao/Downloads/DATAVIEW-master/DATAVIEW/out/artifacts/DATAVIEW_Web_exploded/WEB-INF/systemFiles/gk6511@wayne.edu/outputDP0.txtRASelect@49bdf733}
2021/01/20 18:35:31.824, Level: 3, We reached here:  Task RASelector start to run
2021/01/20 18:37:07.731, Level: 3, We reached here:  Task RASelector is finished
2021/01/20 18:48:34.680, Level: 3, The value for variable/object: the inputportAndFile value is  is {0=/Users/bohanxiao/Downloads/DATAVIEW-master/DATAVIEW/out/artifacts/DATAVIEW_Web_exploded/WEB-INF/systemFiles/gk6511@wayne.edu/pro.txt, 1=/Users/bohanxiao/Downloads/DATAVIEW-master/DATAVIEW/out/artifacts/DATAVIEW_Web_exploded/WEB-INF/systemFiles/gk6511@wayne.edu/condition.txt}
2021/01/20 18:48:34.682, Level: 3, The value for variable/object: the outputportAndFile value is  is {0=/Users/bohanxiao/Downloads/DATAVIEW-master/DATAVIEW/out/artifacts/DATAVIEW_Web_exploded/WEB-INF/systemFiles/gk6511@wayne.edu/outputDP0.txtRASelect@564fc047}
2021/01/20 18:48:34.683, Level: 3, We reached here:  Task RASelector start to run
2021/01/20 19:22:43.003, Level: 3, We reached here:  Task RASelector start to run
2021/01/20 19:23:13.445, Level: 3, We reached here:  Task RASelector is finished
2021/01/20 19:25:33.787, Level: 3, The value for variable/object: the inputportAndFile value is  is {0=/Users/bohanxiao/Downloads/DATAVIEW-master/DATAVIEW/out/artifacts/DATAVIEW_Web_exploded/WEB-INF/systemFiles/gk6511@wayne.edu/pro.txt, 1=/Users/bohanxiao/Downloads/DATAVIEW-master/DATAVIEW/out/artifacts/DATAVIEW_Web_exploded/WEB-INF/systemFiles/gk6511@wayne.edu/condition.txt}
2021/01/20 19:25:33.788, Level: 3, The value for variable/object: the outputportAndFile value is  is {0=/Users/bohanxiao/Downloads/DATAVIEW-master/DATAVIEW/out/artifacts/DATAVIEW_Web_exploded/WEB-INF/systemFiles/gk6511@wayne.edu/outputDP0.txtRASelect@38d584b9}
2021/01/20 19:25:33.789, Level: 3, We reached here:  Task RASelector start to run
2021/01/20 19:25:33.794, Level: 3, We reached here:  Task RASelector is finished
